CRITICAL - 2022-07-11 07:27:10 --> Invalid file: editiuran.php
in SYSTEMPATH\Exceptions\FrameworkException.php on line 33.
 1 SYSTEMPATH\View\View.php(201): CodeIgniter\Exceptions\FrameworkException::forInvalidFile()
 2 SYSTEMPATH\Common.php(1135): CodeIgniter\View\View->render()
 3 APPPATH\Controllers\Iuran.php(140): view()
 4 SYSTEMPATH\CodeIgniter.php(896): App\Controllers\Iuran->editiuran()
 5 SYSTEMPATH\CodeIgniter.php(466): CodeIgniter\CodeIgniter->runController()
 6 SYSTEMPATH\CodeIgniter.php(349): CodeIgniter\CodeIgniter->handleRequest()
 7 FCPATH\index.php(55): CodeIgniter\CodeIgniter->run()
 8 SYSTEMPATH\Commands\Server\rewrite.php(43): require_once('FCPATH\\index.php')
CRITICAL - 2022-07-11 07:44:38 --> Undefined variable: data
in APPPATH\Views\editiuran.php on line 29.
 1 APPPATH\Views\editiuran.php(29): CodeIgniter\Debug\Exceptions->errorHandler()
 2 SYSTEMPATH\View\View.php(213): include('APPPATH\\Views\\editiuran.php')
 3 SYSTEMPATH\View\View.php(216): CodeIgniter\View\View->CodeIgniter\View\{closure}()
 4 SYSTEMPATH\Common.php(1135): CodeIgniter\View\View->render()
 5 APPPATH\Controllers\Iuran.php(145): view()
 6 SYSTEMPATH\CodeIgniter.php(896): App\Controllers\Iuran->editiuran()
 7 SYSTEMPATH\CodeIgniter.php(466): CodeIgniter\CodeIgniter->runController()
 8 SYSTEMPATH\CodeIgniter.php(349): CodeIgniter\CodeIgniter->handleRequest()
 9 FCPATH\index.php(55): CodeIgniter\CodeIgniter->run()
10 SYSTEMPATH\Commands\Server\rewrite.php(43): require_once('FCPATH\\index.php')
CRITICAL - 2022-07-11 08:38:08 --> Undefined variable: bln
in APPPATH\Views\editiuran.php on line 34.
 1 APPPATH\Views\editiuran.php(34): CodeIgniter\Debug\Exceptions->errorHandler()
 2 SYSTEMPATH\View\View.php(213): include('APPPATH\\Views\\editiuran.php')
 3 SYSTEMPATH\View\View.php(216): CodeIgniter\View\View->CodeIgniter\View\{closure}()
 4 SYSTEMPATH\Common.php(1135): CodeIgniter\View\View->render()
 5 APPPATH\Controllers\Iuran.php(158): view()
 6 SYSTEMPATH\CodeIgniter.php(896): App\Controllers\Iuran->editiuran()
 7 SYSTEMPATH\CodeIgniter.php(466): CodeIgniter\CodeIgniter->runController()
 8 SYSTEMPATH\CodeIgniter.php(349): CodeIgniter\CodeIgniter->handleRequest()
 9 FCPATH\index.php(55): CodeIgniter\CodeIgniter->run()
10 SYSTEMPATH\Commands\Server\rewrite.php(43): require_once('FCPATH\\index.php')
CRITICAL - 2022-07-11 08:38:25 --> Undefined variable: draftbln
in APPPATH\Views\editiuran.php on line 36.
 1 APPPATH\Views\editiuran.php(36): CodeIgniter\Debug\Exceptions->errorHandler()
 2 SYSTEMPATH\View\View.php(213): include('APPPATH\\Views\\editiuran.php')
 3 SYSTEMPATH\View\View.php(216): CodeIgniter\View\View->CodeIgniter\View\{closure}()
 4 SYSTEMPATH\Common.php(1135): CodeIgniter\View\View->render()
 5 APPPATH\Controllers\Iuran.php(158): view()
 6 SYSTEMPATH\CodeIgniter.php(896): App\Controllers\Iuran->editiuran()
 7 SYSTEMPATH\CodeIgniter.php(466): CodeIgniter\CodeIgniter->runController()
 8 SYSTEMPATH\CodeIgniter.php(349): CodeIgniter\CodeIgniter->handleRequest()
 9 FCPATH\index.php(55): CodeIgniter\CodeIgniter->run()
10 SYSTEMPATH\Commands\Server\rewrite.php(43): require_once('FCPATH\\index.php')
CRITICAL - 2022-07-11 08:40:10 --> Cannot redeclare convRupiah() (previously declared in C:\Program Files\Ampps\www\si_iuranrt\app\Views\dataiuran.php:68)
in APPPATH\Views\dataiuran.php on line 68.
 1 [internal function]: CodeIgniter\Debug\Exceptions->shutdownHandler()
CRITICAL - 2022-07-11 08:41:20 --> Cannot redeclare convRupiah() (previously declared in C:\Program Files\Ampps\www\si_iuranrt\app\Views\dataiuran.php:68)
in APPPATH\Views\dataiuran.php on line 68.
 1 [internal function]: CodeIgniter\Debug\Exceptions->shutdownHandler()
CRITICAL - 2022-07-11 08:41:25 --> Cannot redeclare convRupiah() (previously declared in C:\Program Files\Ampps\www\si_iuranrt\app\Views\dataiuran.php:68)
in APPPATH\Views\dataiuran.php on line 68.
 1 [internal function]: CodeIgniter\Debug\Exceptions->shutdownHandler()
CRITICAL - 2022-07-11 08:41:44 --> Cannot redeclare convRupiah() (previously declared in C:\Program Files\Ampps\www\si_iuranrt\app\Views\dataiuran.php:68)
in APPPATH\Views\dataiuran.php on line 68.
 1 [internal function]: CodeIgniter\Debug\Exceptions->shutdownHandler()
CRITICAL - 2022-07-11 08:42:47 --> Undefined variable: tgl
in APPPATH\Controllers\Iuran.php on line 216.
 1 APPPATH\Controllers\Iuran.php(216): CodeIgniter\Debug\Exceptions->errorHandler()
 2 SYSTEMPATH\CodeIgniter.php(896): App\Controllers\Iuran->updateiuran()
 3 SYSTEMPATH\CodeIgniter.php(466): CodeIgniter\CodeIgniter->runController()
 4 SYSTEMPATH\CodeIgniter.php(349): CodeIgniter\CodeIgniter->handleRequest()
 5 FCPATH\index.php(55): CodeIgniter\CodeIgniter->run()
 6 SYSTEMPATH\Commands\Server\rewrite.php(43): require_once('FCPATH\\index.php')
