CRITICAL - 2022-07-08 07:19:22 --> Undefined variable: title
in APPPATH\Views\template\header.php on line 7.
 1 APPPATH\Views\template\header.php(7): CodeIgniter\Debug\Exceptions->errorHandler()
 2 SYSTEMPATH\View\View.php(213): include('APPPATH\\Views\\template\\header.php')
 3 SYSTEMPATH\View\View.php(216): CodeIgniter\View\View->CodeIgniter\View\{closure}()
 4 SYSTEMPATH\View\View.php(429): CodeIgniter\View\View->render()
 5 APPPATH\Views\dashboard.php(132): CodeIgniter\View\View->include()
 6 SYSTEMPATH\View\View.php(213): include('APPPATH\\Views\\dashboard.php')
 7 SYSTEMPATH\View\View.php(216): CodeIgniter\View\View->CodeIgniter\View\{closure}()
 8 SYSTEMPATH\Common.php(1135): CodeIgniter\View\View->render()
 9 APPPATH\Controllers\Page.php(9): view()
10 SYSTEMPATH\CodeIgniter.php(896): App\Controllers\Page->dashboard()
11 SYSTEMPATH\CodeIgniter.php(466): CodeIgniter\CodeIgniter->runController()
12 SYSTEMPATH\CodeIgniter.php(349): CodeIgniter\CodeIgniter->handleRequest()
13 FCPATH\index.php(55): CodeIgniter\CodeIgniter->run()
14 SYSTEMPATH\Commands\Server\rewrite.php(43): require_once('FCPATH\\index.php')
CRITICAL - 2022-07-08 07:20:47 --> Undefined variable: title
in APPPATH\Views\template\header.php on line 7.
 1 APPPATH\Views\template\header.php(7): CodeIgniter\Debug\Exceptions->errorHandler()
 2 SYSTEMPATH\View\View.php(213): include('APPPATH\\Views\\template\\header.php')
 3 SYSTEMPATH\View\View.php(216): CodeIgniter\View\View->CodeIgniter\View\{closure}()
 4 SYSTEMPATH\View\View.php(429): CodeIgniter\View\View->render()
 5 APPPATH\Views\dashboard.php(132): CodeIgniter\View\View->include()
 6 SYSTEMPATH\View\View.php(213): include('APPPATH\\Views\\dashboard.php')
 7 SYSTEMPATH\View\View.php(216): CodeIgniter\View\View->CodeIgniter\View\{closure}()
 8 SYSTEMPATH\Common.php(1135): CodeIgniter\View\View->render()
 9 APPPATH\Controllers\Page.php(9): view()
10 SYSTEMPATH\CodeIgniter.php(896): App\Controllers\Page->dashboard()
11 SYSTEMPATH\CodeIgniter.php(466): CodeIgniter\CodeIgniter->runController()
12 SYSTEMPATH\CodeIgniter.php(349): CodeIgniter\CodeIgniter->handleRequest()
13 FCPATH\index.php(55): CodeIgniter\CodeIgniter->run()
14 SYSTEMPATH\Commands\Server\rewrite.php(43): require_once('FCPATH\\index.php')
CRITICAL - 2022-07-08 07:21:02 --> Undefined variable: title
in APPPATH\Views\template\header.php on line 7.
 1 APPPATH\Views\template\header.php(7): CodeIgniter\Debug\Exceptions->errorHandler()
 2 SYSTEMPATH\View\View.php(213): include('APPPATH\\Views\\template\\header.php')
 3 SYSTEMPATH\View\View.php(216): CodeIgniter\View\View->CodeIgniter\View\{closure}()
 4 SYSTEMPATH\View\View.php(429): CodeIgniter\View\View->render()
 5 APPPATH\Views\dashboard.php(132): CodeIgniter\View\View->include()
 6 SYSTEMPATH\View\View.php(213): include('APPPATH\\Views\\dashboard.php')
 7 SYSTEMPATH\View\View.php(216): CodeIgniter\View\View->CodeIgniter\View\{closure}()
 8 SYSTEMPATH\Common.php(1135): CodeIgniter\View\View->render()
 9 APPPATH\Controllers\Page.php(9): view()
10 SYSTEMPATH\CodeIgniter.php(896): App\Controllers\Page->dashboard()
11 SYSTEMPATH\CodeIgniter.php(466): CodeIgniter\CodeIgniter->runController()
12 SYSTEMPATH\CodeIgniter.php(349): CodeIgniter\CodeIgniter->handleRequest()
13 FCPATH\index.php(55): CodeIgniter\CodeIgniter->run()
CRITICAL - 2022-07-08 07:21:18 --> Undefined variable: title
in APPPATH\Views\template\header.php on line 7.
 1 APPPATH\Views\template\header.php(7): CodeIgniter\Debug\Exceptions->errorHandler()
 2 SYSTEMPATH\View\View.php(213): include('APPPATH\\Views\\template\\header.php')
 3 SYSTEMPATH\View\View.php(216): CodeIgniter\View\View->CodeIgniter\View\{closure}()
 4 SYSTEMPATH\View\View.php(429): CodeIgniter\View\View->render()
 5 APPPATH\Views\dashboard.php(132): CodeIgniter\View\View->include()
 6 SYSTEMPATH\View\View.php(213): include('APPPATH\\Views\\dashboard.php')
 7 SYSTEMPATH\View\View.php(216): CodeIgniter\View\View->CodeIgniter\View\{closure}()
 8 SYSTEMPATH\Common.php(1135): CodeIgniter\View\View->render()
 9 APPPATH\Controllers\Page.php(9): view()
10 SYSTEMPATH\CodeIgniter.php(896): App\Controllers\Page->dashboard()
11 SYSTEMPATH\CodeIgniter.php(466): CodeIgniter\CodeIgniter->runController()
12 SYSTEMPATH\CodeIgniter.php(349): CodeIgniter\CodeIgniter->handleRequest()
13 FCPATH\index.php(55): CodeIgniter\CodeIgniter->run()
CRITICAL - 2022-07-08 07:21:23 --> Undefined variable: title
in APPPATH\Views\template\header.php on line 7.
 1 APPPATH\Views\template\header.php(7): CodeIgniter\Debug\Exceptions->errorHandler()
 2 SYSTEMPATH\View\View.php(213): include('APPPATH\\Views\\template\\header.php')
 3 SYSTEMPATH\View\View.php(216): CodeIgniter\View\View->CodeIgniter\View\{closure}()
 4 SYSTEMPATH\View\View.php(429): CodeIgniter\View\View->render()
 5 APPPATH\Views\dashboard.php(132): CodeIgniter\View\View->include()
 6 SYSTEMPATH\View\View.php(213): include('APPPATH\\Views\\dashboard.php')
 7 SYSTEMPATH\View\View.php(216): CodeIgniter\View\View->CodeIgniter\View\{closure}()
 8 SYSTEMPATH\Common.php(1135): CodeIgniter\View\View->render()
 9 APPPATH\Controllers\Page.php(9): view()
10 SYSTEMPATH\CodeIgniter.php(896): App\Controllers\Page->dashboard()
11 SYSTEMPATH\CodeIgniter.php(466): CodeIgniter\CodeIgniter->runController()
12 SYSTEMPATH\CodeIgniter.php(349): CodeIgniter\CodeIgniter->handleRequest()
13 FCPATH\index.php(55): CodeIgniter\CodeIgniter->run()
14 SYSTEMPATH\Commands\Server\rewrite.php(43): require_once('FCPATH\\index.php')
CRITICAL - 2022-07-08 07:22:15 --> Undefined variable: title
in APPPATH\Views\template\header.php on line 7.
 1 APPPATH\Views\template\header.php(7): CodeIgniter\Debug\Exceptions->errorHandler()
 2 SYSTEMPATH\View\View.php(213): include('APPPATH\\Views\\template\\header.php')
 3 SYSTEMPATH\View\View.php(216): CodeIgniter\View\View->CodeIgniter\View\{closure}()
 4 SYSTEMPATH\View\View.php(429): CodeIgniter\View\View->render()
 5 APPPATH\Views\dashboard.php(132): CodeIgniter\View\View->include()
 6 SYSTEMPATH\View\View.php(213): include('APPPATH\\Views\\dashboard.php')
 7 SYSTEMPATH\View\View.php(216): CodeIgniter\View\View->CodeIgniter\View\{closure}()
 8 SYSTEMPATH\Common.php(1135): CodeIgniter\View\View->render()
 9 APPPATH\Controllers\Page.php(9): view()
10 SYSTEMPATH\CodeIgniter.php(896): App\Controllers\Page->dashboard()
11 SYSTEMPATH\CodeIgniter.php(466): CodeIgniter\CodeIgniter->runController()
12 SYSTEMPATH\CodeIgniter.php(349): CodeIgniter\CodeIgniter->handleRequest()
13 FCPATH\index.php(55): CodeIgniter\CodeIgniter->run()
14 SYSTEMPATH\Commands\Server\rewrite.php(43): require_once('FCPATH\\index.php')
CRITICAL - 2022-07-08 07:22:19 --> Undefined variable: title
in APPPATH\Views\template\header.php on line 7.
 1 APPPATH\Views\template\header.php(7): CodeIgniter\Debug\Exceptions->errorHandler()
 2 SYSTEMPATH\View\View.php(213): include('APPPATH\\Views\\template\\header.php')
 3 SYSTEMPATH\View\View.php(216): CodeIgniter\View\View->CodeIgniter\View\{closure}()
 4 SYSTEMPATH\View\View.php(429): CodeIgniter\View\View->render()
 5 APPPATH\Views\dashboard.php(132): CodeIgniter\View\View->include()
 6 SYSTEMPATH\View\View.php(213): include('APPPATH\\Views\\dashboard.php')
 7 SYSTEMPATH\View\View.php(216): CodeIgniter\View\View->CodeIgniter\View\{closure}()
 8 SYSTEMPATH\Common.php(1135): CodeIgniter\View\View->render()
 9 APPPATH\Controllers\Page.php(9): view()
10 SYSTEMPATH\CodeIgniter.php(896): App\Controllers\Page->dashboard()
11 SYSTEMPATH\CodeIgniter.php(466): CodeIgniter\CodeIgniter->runController()
12 SYSTEMPATH\CodeIgniter.php(349): CodeIgniter\CodeIgniter->handleRequest()
13 FCPATH\index.php(55): CodeIgniter\CodeIgniter->run()
14 SYSTEMPATH\Commands\Server\rewrite.php(43): require_once('FCPATH\\index.php')
CRITICAL - 2022-07-08 07:22:22 --> Undefined variable: title
in APPPATH\Views\template\header.php on line 7.
 1 APPPATH\Views\template\header.php(7): CodeIgniter\Debug\Exceptions->errorHandler()
 2 SYSTEMPATH\View\View.php(213): include('APPPATH\\Views\\template\\header.php')
 3 SYSTEMPATH\View\View.php(216): CodeIgniter\View\View->CodeIgniter\View\{closure}()
 4 SYSTEMPATH\View\View.php(429): CodeIgniter\View\View->render()
 5 APPPATH\Views\dashboard.php(132): CodeIgniter\View\View->include()
 6 SYSTEMPATH\View\View.php(213): include('APPPATH\\Views\\dashboard.php')
 7 SYSTEMPATH\View\View.php(216): CodeIgniter\View\View->CodeIgniter\View\{closure}()
 8 SYSTEMPATH\Common.php(1135): CodeIgniter\View\View->render()
 9 APPPATH\Controllers\Page.php(9): view()
10 SYSTEMPATH\CodeIgniter.php(896): App\Controllers\Page->dashboard()
11 SYSTEMPATH\CodeIgniter.php(466): CodeIgniter\CodeIgniter->runController()
12 SYSTEMPATH\CodeIgniter.php(349): CodeIgniter\CodeIgniter->handleRequest()
13 FCPATH\index.php(55): CodeIgniter\CodeIgniter->run()
CRITICAL - 2022-07-08 07:22:32 --> Undefined variable: title
in APPPATH\Views\template\header.php on line 7.
 1 APPPATH\Views\template\header.php(7): CodeIgniter\Debug\Exceptions->errorHandler()
 2 SYSTEMPATH\View\View.php(213): include('APPPATH\\Views\\template\\header.php')
 3 SYSTEMPATH\View\View.php(216): CodeIgniter\View\View->CodeIgniter\View\{closure}()
 4 SYSTEMPATH\View\View.php(429): CodeIgniter\View\View->render()
 5 APPPATH\Views\dashboard.php(132): CodeIgniter\View\View->include()
 6 SYSTEMPATH\View\View.php(213): include('APPPATH\\Views\\dashboard.php')
 7 SYSTEMPATH\View\View.php(216): CodeIgniter\View\View->CodeIgniter\View\{closure}()
 8 SYSTEMPATH\Common.php(1135): CodeIgniter\View\View->render()
 9 APPPATH\Controllers\Page.php(9): view()
10 SYSTEMPATH\CodeIgniter.php(896): App\Controllers\Page->dashboard()
11 SYSTEMPATH\CodeIgniter.php(466): CodeIgniter\CodeIgniter->runController()
12 SYSTEMPATH\CodeIgniter.php(349): CodeIgniter\CodeIgniter->handleRequest()
13 FCPATH\index.php(55): CodeIgniter\CodeIgniter->run()
14 SYSTEMPATH\Commands\Server\rewrite.php(43): require_once('FCPATH\\index.php')
CRITICAL - 2022-07-08 07:22:41 --> Undefined variable: title
in APPPATH\Views\template\header.php on line 7.
 1 APPPATH\Views\template\header.php(7): CodeIgniter\Debug\Exceptions->errorHandler()
 2 SYSTEMPATH\View\View.php(213): include('APPPATH\\Views\\template\\header.php')
 3 SYSTEMPATH\View\View.php(216): CodeIgniter\View\View->CodeIgniter\View\{closure}()
 4 SYSTEMPATH\View\View.php(429): CodeIgniter\View\View->render()
 5 APPPATH\Views\dashboard.php(132): CodeIgniter\View\View->include()
 6 SYSTEMPATH\View\View.php(213): include('APPPATH\\Views\\dashboard.php')
 7 SYSTEMPATH\View\View.php(216): CodeIgniter\View\View->CodeIgniter\View\{closure}()
 8 SYSTEMPATH\Common.php(1135): CodeIgniter\View\View->render()
 9 APPPATH\Controllers\Page.php(9): view()
10 SYSTEMPATH\CodeIgniter.php(896): App\Controllers\Page->dashboard()
11 SYSTEMPATH\CodeIgniter.php(466): CodeIgniter\CodeIgniter->runController()
12 SYSTEMPATH\CodeIgniter.php(349): CodeIgniter\CodeIgniter->handleRequest()
13 FCPATH\index.php(55): CodeIgniter\CodeIgniter->run()
14 SYSTEMPATH\Commands\Server\rewrite.php(43): require_once('FCPATH\\index.php')
CRITICAL - 2022-07-08 07:30:58 --> Undefined variable: title
in APPPATH\Views\template\header.php on line 7.
 1 APPPATH\Views\template\header.php(7): CodeIgniter\Debug\Exceptions->errorHandler()
 2 SYSTEMPATH\View\View.php(213): include('APPPATH\\Views\\template\\header.php')
 3 SYSTEMPATH\View\View.php(216): CodeIgniter\View\View->CodeIgniter\View\{closure}()
 4 SYSTEMPATH\View\View.php(429): CodeIgniter\View\View->render()
 5 APPPATH\Views\dashboard.php(132): CodeIgniter\View\View->include()
 6 SYSTEMPATH\View\View.php(213): include('APPPATH\\Views\\dashboard.php')
 7 SYSTEMPATH\View\View.php(216): CodeIgniter\View\View->CodeIgniter\View\{closure}()
 8 SYSTEMPATH\Common.php(1135): CodeIgniter\View\View->render()
 9 APPPATH\Controllers\Page.php(9): view()
10 SYSTEMPATH\CodeIgniter.php(896): App\Controllers\Page->dashboard()
11 SYSTEMPATH\CodeIgniter.php(466): CodeIgniter\CodeIgniter->runController()
12 SYSTEMPATH\CodeIgniter.php(349): CodeIgniter\CodeIgniter->handleRequest()
13 FCPATH\index.php(55): CodeIgniter\CodeIgniter->run()
14 SYSTEMPATH\Commands\Server\rewrite.php(43): require_once('FCPATH\\index.php')
CRITICAL - 2022-07-08 07:31:05 --> Undefined variable: title
in APPPATH\Views\template\header.php on line 7.
 1 APPPATH\Views\template\header.php(7): CodeIgniter\Debug\Exceptions->errorHandler()
 2 SYSTEMPATH\View\View.php(213): include('APPPATH\\Views\\template\\header.php')
 3 SYSTEMPATH\View\View.php(216): CodeIgniter\View\View->CodeIgniter\View\{closure}()
 4 SYSTEMPATH\View\View.php(429): CodeIgniter\View\View->render()
 5 APPPATH\Views\dashboard.php(132): CodeIgniter\View\View->include()
 6 SYSTEMPATH\View\View.php(213): include('APPPATH\\Views\\dashboard.php')
 7 SYSTEMPATH\View\View.php(216): CodeIgniter\View\View->CodeIgniter\View\{closure}()
 8 SYSTEMPATH\Common.php(1135): CodeIgniter\View\View->render()
 9 APPPATH\Controllers\Page.php(9): view()
10 SYSTEMPATH\CodeIgniter.php(896): App\Controllers\Page->dashboard()
11 SYSTEMPATH\CodeIgniter.php(466): CodeIgniter\CodeIgniter->runController()
12 SYSTEMPATH\CodeIgniter.php(349): CodeIgniter\CodeIgniter->handleRequest()
13 FCPATH\index.php(55): CodeIgniter\CodeIgniter->run()
14 SYSTEMPATH\Commands\Server\rewrite.php(43): require_once('FCPATH\\index.php')
CRITICAL - 2022-07-08 07:31:15 --> Undefined variable: title
in APPPATH\Views\template\header.php on line 7.
 1 APPPATH\Views\template\header.php(7): CodeIgniter\Debug\Exceptions->errorHandler()
 2 SYSTEMPATH\View\View.php(213): include('APPPATH\\Views\\template\\header.php')
 3 SYSTEMPATH\View\View.php(216): CodeIgniter\View\View->CodeIgniter\View\{closure}()
 4 SYSTEMPATH\View\View.php(429): CodeIgniter\View\View->render()
 5 APPPATH\Views\dashboard.php(78): CodeIgniter\View\View->include()
 6 SYSTEMPATH\View\View.php(213): include('APPPATH\\Views\\dashboard.php')
 7 SYSTEMPATH\View\View.php(216): CodeIgniter\View\View->CodeIgniter\View\{closure}()
 8 SYSTEMPATH\Common.php(1135): CodeIgniter\View\View->render()
 9 APPPATH\Controllers\Page.php(9): view()
10 SYSTEMPATH\CodeIgniter.php(896): App\Controllers\Page->dashboard()
11 SYSTEMPATH\CodeIgniter.php(466): CodeIgniter\CodeIgniter->runController()
12 SYSTEMPATH\CodeIgniter.php(349): CodeIgniter\CodeIgniter->handleRequest()
13 FCPATH\index.php(55): CodeIgniter\CodeIgniter->run()
14 SYSTEMPATH\Commands\Server\rewrite.php(43): require_once('FCPATH\\index.php')
CRITICAL - 2022-07-08 07:32:22 --> Undefined variable: title
in APPPATH\Views\template\header.php on line 7.
 1 APPPATH\Views\template\header.php(7): CodeIgniter\Debug\Exceptions->errorHandler()
 2 SYSTEMPATH\View\View.php(213): include('APPPATH\\Views\\template\\header.php')
 3 SYSTEMPATH\View\View.php(216): CodeIgniter\View\View->CodeIgniter\View\{closure}()
 4 SYSTEMPATH\View\View.php(429): CodeIgniter\View\View->render()
 5 APPPATH\Views\dashboard.php(78): CodeIgniter\View\View->include()
 6 SYSTEMPATH\View\View.php(213): include('APPPATH\\Views\\dashboard.php')
 7 SYSTEMPATH\View\View.php(216): CodeIgniter\View\View->CodeIgniter\View\{closure}()
 8 SYSTEMPATH\Common.php(1135): CodeIgniter\View\View->render()
 9 APPPATH\Controllers\Page.php(10): view()
10 SYSTEMPATH\CodeIgniter.php(896): App\Controllers\Page->dashboard()
11 SYSTEMPATH\CodeIgniter.php(466): CodeIgniter\CodeIgniter->runController()
12 SYSTEMPATH\CodeIgniter.php(349): CodeIgniter\CodeIgniter->handleRequest()
13 FCPATH\index.php(55): CodeIgniter\CodeIgniter->run()
14 SYSTEMPATH\Commands\Server\rewrite.php(43): require_once('FCPATH\\index.php')
CRITICAL - 2022-07-08 07:33:34 --> Undefined variable: title
in APPPATH\Views\template\header.php on line 7.
 1 APPPATH\Views\template\header.php(7): CodeIgniter\Debug\Exceptions->errorHandler()
 2 SYSTEMPATH\View\View.php(213): include('APPPATH\\Views\\template\\header.php')
 3 SYSTEMPATH\View\View.php(216): CodeIgniter\View\View->CodeIgniter\View\{closure}()
 4 SYSTEMPATH\View\View.php(429): CodeIgniter\View\View->render()
 5 APPPATH\Views\dashboard.php(132): CodeIgniter\View\View->include()
 6 SYSTEMPATH\View\View.php(213): include('APPPATH\\Views\\dashboard.php')
 7 SYSTEMPATH\View\View.php(216): CodeIgniter\View\View->CodeIgniter\View\{closure}()
 8 SYSTEMPATH\Common.php(1135): CodeIgniter\View\View->render()
 9 APPPATH\Controllers\Page.php(10): view()
10 SYSTEMPATH\CodeIgniter.php(896): App\Controllers\Page->dashboard()
11 SYSTEMPATH\CodeIgniter.php(466): CodeIgniter\CodeIgniter->runController()
12 SYSTEMPATH\CodeIgniter.php(349): CodeIgniter\CodeIgniter->handleRequest()
13 FCPATH\index.php(55): CodeIgniter\CodeIgniter->run()
14 SYSTEMPATH\Commands\Server\rewrite.php(43): require_once('FCPATH\\index.php')
CRITICAL - 2022-07-08 08:03:02 --> Undefined variable: warga
in APPPATH\Views\addwarga.php on line 37.
 1 APPPATH\Views\addwarga.php(37): CodeIgniter\Debug\Exceptions->errorHandler()
 2 SYSTEMPATH\View\View.php(213): include('APPPATH\\Views\\addwarga.php')
 3 SYSTEMPATH\View\View.php(216): CodeIgniter\View\View->CodeIgniter\View\{closure}()
 4 SYSTEMPATH\Common.php(1135): CodeIgniter\View\View->render()
 5 APPPATH\Controllers\Warga.php(29): view()
 6 SYSTEMPATH\CodeIgniter.php(896): App\Controllers\Warga->add()
 7 SYSTEMPATH\CodeIgniter.php(466): CodeIgniter\CodeIgniter->runController()
 8 SYSTEMPATH\CodeIgniter.php(349): CodeIgniter\CodeIgniter->handleRequest()
 9 FCPATH\index.php(55): CodeIgniter\CodeIgniter->run()
10 SYSTEMPATH\Commands\Server\rewrite.php(43): require_once('FCPATH\\index.php')
CRITICAL - 2022-07-08 10:00:19 --> Undefined property: App\Controllers\Warga::$session
in APPPATH\Controllers\Warga.php on line 52.
 1 APPPATH\Controllers\Warga.php(52): CodeIgniter\Debug\Exceptions->errorHandler()
 2 SYSTEMPATH\CodeIgniter.php(896): App\Controllers\Warga->save()
 3 SYSTEMPATH\CodeIgniter.php(466): CodeIgniter\CodeIgniter->runController()
 4 SYSTEMPATH\CodeIgniter.php(349): CodeIgniter\CodeIgniter->handleRequest()
 5 FCPATH\index.php(55): CodeIgniter\CodeIgniter->run()
 6 SYSTEMPATH\Commands\Server\rewrite.php(43): require_once('FCPATH\\index.php')
ERROR - 2022-07-08 10:01:14 --> Duplicate entry '1234' for key 'warga.nik'
CRITICAL - 2022-07-08 10:01:14 --> Duplicate entry '1234' for key 'warga.nik'
in SYSTEMPATH\Database\MySQLi\Connection.php on line 292.
 1 SYSTEMPATH\Database\MySQLi\Connection.php(292): mysqli->query()
 2 SYSTEMPATH\Database\BaseConnection.php(695): CodeIgniter\Database\MySQLi\Connection->execute()
 3 SYSTEMPATH\Database\BaseConnection.php(609): CodeIgniter\Database\BaseConnection->simpleQuery()
 4 SYSTEMPATH\Database\BaseBuilder.php(1904): CodeIgniter\Database\BaseConnection->query()
 5 APPPATH\Models\WargaModel.php(22): CodeIgniter\Database\BaseBuilder->insert()
 6 APPPATH\Controllers\Warga.php(50): App\Models\WargaModel->add()
 7 SYSTEMPATH\CodeIgniter.php(896): App\Controllers\Warga->save()
 8 SYSTEMPATH\CodeIgniter.php(466): CodeIgniter\CodeIgniter->runController()
 9 SYSTEMPATH\CodeIgniter.php(349): CodeIgniter\CodeIgniter->handleRequest()
10 FCPATH\index.php(55): CodeIgniter\CodeIgniter->run()
11 SYSTEMPATH\Commands\Server\rewrite.php(43): require_once('FCPATH\\index.php')
CRITICAL - 2022-07-08 10:01:36 --> Too few arguments to function App\Models\WargaModel::__construct(), 0 passed in C:\Program Files\Ampps\www\si_iuranrt\app\Controllers\Warga.php on line 13 and exactly 1 expected
in APPPATH\Models\WargaModel.php on line 14.
 1 APPPATH\Controllers\Warga.php(13): App\Models\WargaModel->__construct()
 2 SYSTEMPATH\CodeIgniter.php(896): App\Controllers\Warga->index()
 3 SYSTEMPATH\CodeIgniter.php(466): CodeIgniter\CodeIgniter->runController()
 4 SYSTEMPATH\CodeIgniter.php(349): CodeIgniter\CodeIgniter->handleRequest()
 5 FCPATH\index.php(55): CodeIgniter\CodeIgniter->run()
 6 SYSTEMPATH\Commands\Server\rewrite.php(43): require_once('FCPATH\\index.php')
CRITICAL - 2022-07-08 10:01:42 --> Too few arguments to function App\Models\WargaModel::__construct(), 0 passed in C:\Program Files\Ampps\www\si_iuranrt\app\Controllers\Warga.php on line 13 and exactly 1 expected
in APPPATH\Models\WargaModel.php on line 14.
 1 APPPATH\Controllers\Warga.php(13): App\Models\WargaModel->__construct()
 2 SYSTEMPATH\CodeIgniter.php(896): App\Controllers\Warga->index()
 3 SYSTEMPATH\CodeIgniter.php(466): CodeIgniter\CodeIgniter->runController()
 4 SYSTEMPATH\CodeIgniter.php(349): CodeIgniter\CodeIgniter->handleRequest()
 5 FCPATH\index.php(55): CodeIgniter\CodeIgniter->run()
 6 SYSTEMPATH\Commands\Server\rewrite.php(43): require_once('FCPATH\\index.php')
CRITICAL - 2022-07-08 10:01:57 --> Too few arguments to function App\Models\WargaModel::__construct(), 0 passed in C:\Program Files\Ampps\www\si_iuranrt\app\Controllers\Warga.php on line 13 and exactly 1 expected
in APPPATH\Models\WargaModel.php on line 14.
 1 APPPATH\Controllers\Warga.php(13): App\Models\WargaModel->__construct()
 2 SYSTEMPATH\CodeIgniter.php(896): App\Controllers\Warga->index()
 3 SYSTEMPATH\CodeIgniter.php(466): CodeIgniter\CodeIgniter->runController()
 4 SYSTEMPATH\CodeIgniter.php(349): CodeIgniter\CodeIgniter->handleRequest()
 5 FCPATH\index.php(55): CodeIgniter\CodeIgniter->run()
 6 SYSTEMPATH\Commands\Server\rewrite.php(43): require_once('FCPATH\\index.php')
CRITICAL - 2022-07-08 10:06:11 --> Too few arguments to function App\Models\WargaModel::__construct(), 0 passed in C:\Program Files\Ampps\www\si_iuranrt\app\Controllers\Warga.php on line 13 and exactly 1 expected
in APPPATH\Models\WargaModel.php on line 15.
 1 APPPATH\Controllers\Warga.php(13): App\Models\WargaModel->__construct()
 2 SYSTEMPATH\CodeIgniter.php(896): App\Controllers\Warga->index()
 3 SYSTEMPATH\CodeIgniter.php(466): CodeIgniter\CodeIgniter->runController()
 4 SYSTEMPATH\CodeIgniter.php(349): CodeIgniter\CodeIgniter->handleRequest()
 5 FCPATH\index.php(55): CodeIgniter\CodeIgniter->run()
 6 SYSTEMPATH\Commands\Server\rewrite.php(43): require_once('FCPATH\\index.php')
CRITICAL - 2022-07-08 10:26:06 --> Too few arguments to function App\Models\WargaModel::__construct(), 0 passed in C:\Program Files\Ampps\www\si_iuranrt\app\Controllers\Warga.php on line 13 and exactly 1 expected
in APPPATH\Models\WargaModel.php on line 15.
 1 APPPATH\Controllers\Warga.php(13): App\Models\WargaModel->__construct()
 2 SYSTEMPATH\CodeIgniter.php(896): App\Controllers\Warga->index()
 3 SYSTEMPATH\CodeIgniter.php(466): CodeIgniter\CodeIgniter->runController()
 4 SYSTEMPATH\CodeIgniter.php(349): CodeIgniter\CodeIgniter->handleRequest()
 5 FCPATH\index.php(55): CodeIgniter\CodeIgniter->run()
 6 SYSTEMPATH\Commands\Server\rewrite.php(43): require_once('FCPATH\\index.php')
CRITICAL - 2022-07-08 10:28:11 --> Too few arguments to function App\Models\WargaModel::__construct(), 0 passed in C:\Program Files\Ampps\www\si_iuranrt\app\Controllers\Warga.php on line 13 and exactly 1 expected
in APPPATH\Models\WargaModel.php on line 11.
 1 APPPATH\Controllers\Warga.php(13): App\Models\WargaModel->__construct()
 2 SYSTEMPATH\CodeIgniter.php(896): App\Controllers\Warga->index()
 3 SYSTEMPATH\CodeIgniter.php(466): CodeIgniter\CodeIgniter->runController()
 4 SYSTEMPATH\CodeIgniter.php(349): CodeIgniter\CodeIgniter->handleRequest()
 5 FCPATH\index.php(55): CodeIgniter\CodeIgniter->run()
 6 SYSTEMPATH\Commands\Server\rewrite.php(43): require_once('FCPATH\\index.php')
CRITICAL - 2022-07-08 10:29:34 --> Too few arguments to function App\Models\WargaModel::__construct(), 0 passed in C:\Program Files\Ampps\www\si_iuranrt\app\Controllers\Warga.php on line 13 and exactly 1 expected
in APPPATH\Models\WargaModel.php on line 15.
 1 APPPATH\Controllers\Warga.php(13): App\Models\WargaModel->__construct()
 2 SYSTEMPATH\CodeIgniter.php(896): App\Controllers\Warga->index()
 3 SYSTEMPATH\CodeIgniter.php(466): CodeIgniter\CodeIgniter->runController()
 4 SYSTEMPATH\CodeIgniter.php(349): CodeIgniter\CodeIgniter->handleRequest()
 5 FCPATH\index.php(55): CodeIgniter\CodeIgniter->run()
 6 SYSTEMPATH\Commands\Server\rewrite.php(43): require_once('FCPATH\\index.php')
CRITICAL - 2022-07-08 10:54:33 --> Undefined index: id
in APPPATH\Views\datawarga.php on line 47.
 1 APPPATH\Views\datawarga.php(47): CodeIgniter\Debug\Exceptions->errorHandler()
 2 SYSTEMPATH\View\View.php(213): include('APPPATH\\Views\\datawarga.php')
 3 SYSTEMPATH\View\View.php(216): CodeIgniter\View\View->CodeIgniter\View\{closure}()
 4 SYSTEMPATH\Common.php(1135): CodeIgniter\View\View->render()
 5 APPPATH\Controllers\Warga.php(16): view()
 6 SYSTEMPATH\CodeIgniter.php(896): App\Controllers\Warga->index()
 7 SYSTEMPATH\CodeIgniter.php(466): CodeIgniter\CodeIgniter->runController()
 8 SYSTEMPATH\CodeIgniter.php(349): CodeIgniter\CodeIgniter->handleRequest()
 9 FCPATH\index.php(55): CodeIgniter\CodeIgniter->run()
10 SYSTEMPATH\Commands\Server\rewrite.php(43): require_once('FCPATH\\index.php')
